<?xml version="1.0" encoding="UTF-8"?>
<!-- Generated by org.testng.reporters.JUnitReportReporter -->
<testsuite hostname="LAPTOP-SV4G8187" failures="1" tests="9" name="testRunner.runner" time="15.426" errors="0" timestamp="2023-09-09T12:36:19 IST" skipped="0">
  <testcase classname="testRunner.runner" name="runScenario" time="1.517"/>
  <system-out/>
  <testcase classname="testRunner.runner" name="runScenario" time="1.512"/>
  <system-out/>
  <testcase classname="testRunner.runner" name="runScenario" time="1.536"/>
  <system-out/>
  <testcase classname="testRunner.runner" name="runScenario" time="1.553"/>
  <system-out/>
  <testcase classname="testRunner.runner" name="runScenario" time="3.186"/>
  <system-out/>
  <testcase classname="testRunner.runner" name="runScenario" time="1.516"/>
  <system-out/>
  <testcase classname="testRunner.runner" name="runScenario" time="1.521"/>
  <system-out/>
  <testcase classname="testRunner.runner" name="runScenario" time="1.539">
    <failure message="expected [200] but found [400]" type="java.lang.AssertionError">
      <![CDATA[java.lang.AssertionError: expected [200] but found [400]
at org.testng.Assert.fail(Assert.java:99)
at org.testng.Assert.failNotEquals(Assert.java:1037)
at org.testng.Assert.assertEqualsImpl(Assert.java:140)
at org.testng.Assert.assertEquals(Assert.java:122)
at org.testng.Assert.assertEquals(Assert.java:907)
at org.testng.Assert.assertEquals(Assert.java:917)
at stepDefs.Pet_Put_Steps.valid_status_code1_for_put(Pet_Put_Steps.java:61)
at âœ½.Valid status code1 for put(file:///C:/Users/NITS/eclipse-workspace/API_RestAssured_Project/src/test/resources/Features/C_Pet_Put_Request.feature:14)
]]>
    </failure>
  </testcase> <!-- runScenario -->
  <system-out/>
  <testcase classname="testRunner.runner" name="runScenario" time="1.546"/>
  <system-out/>
</testsuite> <!-- testRunner.runner -->
